2020-06-24 14:00:44.860  INFO 23128 --- [http-nio-8888-exec-8] com.course.controller.UserManager        : cookies验证通过
2020-06-24 14:00:45.250  INFO 23128 --- [http-nio-8888-exec-8] com.course.controller.UserManager        : getUserInfo获取到的用户数量是1
2020-06-24 14:37:08.310  INFO 23128 --- [http-nio-8888-exec-10] com.course.controller.UserManager        : 查看到的结果是1
2020-06-24 14:37:08.530  INFO 23128 --- [http-nio-8888-exec-1] com.course.controller.UserManager        : 查看到的结果是0
2020-06-24 14:37:08.636  INFO 23128 --- [http-nio-8888-exec-2] com.course.controller.UserManager        : cookies验证通过
2020-06-24 14:37:08.641  INFO 23128 --- [http-nio-8888-exec-2] com.course.controller.UserManager        : getUserInfo获取到的用户数量是5
2020-06-24 14:41:24.766  INFO 23128 --- [http-nio-8888-exec-4] com.course.controller.UserManager        : 查看到的结果是1
2020-06-24 14:41:24.870  INFO 23128 --- [http-nio-8888-exec-5] com.course.controller.UserManager        : 查看到的结果是0
2020-06-24 14:41:25.022  INFO 23128 --- [http-nio-8888-exec-6] com.course.controller.UserManager        : cookies验证通过
2020-06-24 14:41:25.380  INFO 23128 --- [http-nio-8888-exec-6] com.course.controller.UserManager        : 添加用户的数量是:1
2020-06-24 14:41:27.514  INFO 23128 --- [http-nio-8888-exec-7] com.course.controller.UserManager        : cookies验证通过
2020-06-24 14:41:27.518  INFO 23128 --- [http-nio-8888-exec-7] com.course.controller.UserManager        : getUserInfo获取到的用户数量是1
2020-06-24 14:41:29.656  INFO 23128 --- [http-nio-8888-exec-8] com.course.controller.UserManager        : cookies验证通过
2020-06-24 14:41:29.892  INFO 23128 --- [http-nio-8888-exec-8] com.course.controller.UserManager        : 更新数据的条目数为:1
2020-06-24 14:41:32.315  INFO 23128 --- [http-nio-8888-exec-9] com.course.controller.UserManager        : cookies验证通过
2020-06-24 14:41:32.421  INFO 23128 --- [http-nio-8888-exec-9] com.course.controller.UserManager        : 更新数据的条目数为:1
2020-06-24 14:41:34.498  INFO 23128 --- [http-nio-8888-exec-10] com.course.controller.UserManager        : cookies验证通过
2020-06-24 14:41:34.502  INFO 23128 --- [http-nio-8888-exec-10] com.course.controller.UserManager        : getUserInfo获取到的用户数量是5
2020-06-24 14:45:30.323  INFO 23128 --- [http-nio-8888-exec-2] com.course.controller.UserManager        : 查看到的结果是1
2020-06-24 14:45:30.428  INFO 23128 --- [http-nio-8888-exec-3] com.course.controller.UserManager        : 查看到的结果是0
2020-06-24 14:45:30.473  INFO 23128 --- [http-nio-8888-exec-4] com.course.controller.UserManager        : cookies验证通过
2020-06-24 14:45:30.669  INFO 23128 --- [http-nio-8888-exec-4] com.course.controller.UserManager        : 添加用户的数量是:1
2020-06-24 14:45:32.805  INFO 23128 --- [http-nio-8888-exec-5] com.course.controller.UserManager        : cookies验证通过
2020-06-24 14:45:32.807  INFO 23128 --- [http-nio-8888-exec-5] com.course.controller.UserManager        : getUserInfo获取到的用户数量是1
2020-06-24 14:45:34.939  INFO 23128 --- [http-nio-8888-exec-6] com.course.controller.UserManager        : cookies验证通过
2020-06-24 14:45:34.941  INFO 23128 --- [http-nio-8888-exec-6] com.course.controller.UserManager        : 更新数据的条目数为:1
2020-06-24 14:45:37.037  INFO 23128 --- [http-nio-8888-exec-7] com.course.controller.UserManager        : cookies验证通过
2020-06-24 14:45:37.038  INFO 23128 --- [http-nio-8888-exec-7] com.course.controller.UserManager        : 更新数据的条目数为:1
2020-06-24 14:45:39.121  INFO 23128 --- [http-nio-8888-exec-8] com.course.controller.UserManager        : cookies验证通过
2020-06-24 14:45:39.123  INFO 23128 --- [http-nio-8888-exec-8] com.course.controller.UserManager        : getUserInfo获取到的用户数量是5
2020-06-24 14:48:35.094  INFO 23128 --- [http-nio-8888-exec-10] com.course.controller.UserManager        : 查看到的结果是1
2020-06-24 14:48:35.156  INFO 23128 --- [http-nio-8888-exec-1] com.course.controller.UserManager        : 查看到的结果是0
2020-06-24 14:48:35.277  INFO 23128 --- [http-nio-8888-exec-2] com.course.controller.UserManager        : cookies验证通过
2020-06-24 14:48:35.472  INFO 23128 --- [http-nio-8888-exec-2] com.course.controller.UserManager        : 添加用户的数量是:1
2020-06-24 14:48:37.762  INFO 23128 --- [http-nio-8888-exec-3] com.course.controller.UserManager        : cookies验证通过
2020-06-24 14:48:37.768  INFO 23128 --- [http-nio-8888-exec-3] com.course.controller.UserManager        : getUserInfo获取到的用户数量是1
2020-06-24 14:48:39.911  INFO 23128 --- [http-nio-8888-exec-4] com.course.controller.UserManager        : cookies验证通过
2020-06-24 14:48:39.913  INFO 23128 --- [http-nio-8888-exec-4] com.course.controller.UserManager        : 更新数据的条目数为:1
2020-06-24 14:48:42.045  INFO 23128 --- [http-nio-8888-exec-5] com.course.controller.UserManager        : cookies验证通过
2020-06-24 14:48:42.049  INFO 23128 --- [http-nio-8888-exec-5] com.course.controller.UserManager        : 更新数据的条目数为:1
2020-06-24 14:48:44.173  INFO 23128 --- [http-nio-8888-exec-6] com.course.controller.UserManager        : cookies验证通过
2020-06-24 14:48:44.176  INFO 23128 --- [http-nio-8888-exec-6] com.course.controller.UserManager        : getUserInfo获取到的用户数量是5
2020-06-24 14:55:18.181  INFO 23128 --- [http-nio-8888-exec-8] com.course.controller.UserManager        : 查看到的结果是1
2020-06-24 14:55:18.332  INFO 23128 --- [http-nio-8888-exec-9] com.course.controller.UserManager        : 查看到的结果是0
2020-06-24 14:55:18.426  INFO 23128 --- [http-nio-8888-exec-10] com.course.controller.UserManager        : cookies验证通过
2020-06-24 14:55:18.608  INFO 23128 --- [http-nio-8888-exec-10] com.course.controller.UserManager        : 添加用户的数量是:1
2020-06-24 14:55:20.822  INFO 23128 --- [http-nio-8888-exec-1] com.course.controller.UserManager        : cookies验证通过
2020-06-24 14:55:20.823  INFO 23128 --- [http-nio-8888-exec-1] com.course.controller.UserManager        : getUserInfo获取到的用户数量是1
2020-06-24 14:55:23.092  INFO 23128 --- [http-nio-8888-exec-2] com.course.controller.UserManager        : cookies验证通过
2020-06-24 14:55:23.097  INFO 23128 --- [http-nio-8888-exec-2] com.course.controller.UserManager        : 更新数据的条目数为:1
2020-06-24 14:55:25.154  INFO 23128 --- [http-nio-8888-exec-3] com.course.controller.UserManager        : cookies验证通过
2020-06-24 14:55:25.156  INFO 23128 --- [http-nio-8888-exec-3] com.course.controller.UserManager        : 更新数据的条目数为:1
2020-06-24 14:55:27.240  INFO 23128 --- [http-nio-8888-exec-4] com.course.controller.UserManager        : cookies验证通过
2020-06-24 14:55:27.243  INFO 23128 --- [http-nio-8888-exec-4] com.course.controller.UserManager        : getUserInfo获取到的用户数量是5
2020-06-24 14:59:36.078  INFO 23128 --- [http-nio-8888-exec-6] com.course.controller.UserManager        : 查看到的结果是1
2020-06-24 14:59:36.154  INFO 23128 --- [http-nio-8888-exec-7] com.course.controller.UserManager        : 查看到的结果是0
2020-06-24 14:59:36.201  INFO 23128 --- [http-nio-8888-exec-8] com.course.controller.UserManager        : cookies验证通过
2020-06-24 14:59:36.373  INFO 23128 --- [http-nio-8888-exec-8] com.course.controller.UserManager        : 添加用户的数量是:1
2020-06-24 14:59:38.480  INFO 23128 --- [http-nio-8888-exec-9] com.course.controller.UserManager        : cookies验证通过
2020-06-24 14:59:38.482  INFO 23128 --- [http-nio-8888-exec-9] com.course.controller.UserManager        : getUserInfo获取到的用户数量是1
2020-06-24 14:59:40.565  INFO 23128 --- [http-nio-8888-exec-10] com.course.controller.UserManager        : cookies验证通过
2020-06-24 14:59:40.568  INFO 23128 --- [http-nio-8888-exec-10] com.course.controller.UserManager        : 更新数据的条目数为:1
2020-06-24 14:59:42.709  INFO 23128 --- [http-nio-8888-exec-1] com.course.controller.UserManager        : cookies验证通过
2020-06-24 14:59:42.713  INFO 23128 --- [http-nio-8888-exec-1] com.course.controller.UserManager        : 更新数据的条目数为:1
2020-06-24 14:59:44.805  INFO 23128 --- [http-nio-8888-exec-2] com.course.controller.UserManager        : cookies验证通过
2020-06-24 14:59:44.877  INFO 23128 --- [http-nio-8888-exec-2] com.course.controller.UserManager        : getUserInfo获取到的用户数量是5
2020-06-24 15:02:34.677  WARN 23128 --- [http-nio-8888-exec-4] o.s.web.servlet.PageNotFound             : Request method 'GET' not supported
2020-06-24 15:04:40.054  INFO 23128 --- [http-nio-8888-exec-7] com.course.controller.UserManager        : 查看到的结果是1
2020-06-24 15:04:40.117  INFO 23128 --- [http-nio-8888-exec-8] com.course.controller.UserManager        : 查看到的结果是0
2020-06-24 15:04:40.164  INFO 23128 --- [http-nio-8888-exec-9] com.course.controller.UserManager        : cookies验证通过
2020-06-24 15:04:40.278  INFO 23128 --- [http-nio-8888-exec-9] com.course.controller.UserManager        : 添加用户的数量是:1
2020-06-24 15:04:42.361  INFO 23128 --- [http-nio-8888-exec-10] com.course.controller.UserManager        : cookies验证通过
2020-06-24 15:04:42.363  INFO 23128 --- [http-nio-8888-exec-10] com.course.controller.UserManager        : getUserInfo获取到的用户数量是1
2020-06-24 15:04:44.456  INFO 23128 --- [http-nio-8888-exec-1] com.course.controller.UserManager        : cookies验证通过
2020-06-24 15:04:44.459  INFO 23128 --- [http-nio-8888-exec-1] com.course.controller.UserManager        : 更新数据的条目数为:1
2020-06-24 15:04:47.547  INFO 23128 --- [http-nio-8888-exec-2] com.course.controller.UserManager        : cookies验证通过
2020-06-24 15:04:47.549  INFO 23128 --- [http-nio-8888-exec-2] com.course.controller.UserManager        : 更新数据的条目数为:1
2020-06-24 15:04:50.688  INFO 23128 --- [http-nio-8888-exec-3] com.course.controller.UserManager        : cookies验证通过
2020-06-24 15:04:50.696  INFO 23128 --- [http-nio-8888-exec-3] com.course.controller.UserManager        : getUserInfo获取到的用户数量是5
2020-06-24 15:08:16.602  INFO 23128 --- [http-nio-8888-exec-5] com.course.controller.UserManager        : 查看到的结果是1
2020-06-24 15:08:16.682  INFO 23128 --- [http-nio-8888-exec-6] com.course.controller.UserManager        : 查看到的结果是0
2020-06-24 15:08:16.744  INFO 23128 --- [http-nio-8888-exec-7] com.course.controller.UserManager        : cookies验证通过
2020-06-24 15:08:16.947  INFO 23128 --- [http-nio-8888-exec-7] com.course.controller.UserManager        : 添加用户的数量是:1
2020-06-24 15:08:19.045  INFO 23128 --- [http-nio-8888-exec-8] com.course.controller.UserManager        : cookies验证通过
2020-06-24 15:08:19.047  INFO 23128 --- [http-nio-8888-exec-8] com.course.controller.UserManager        : getUserInfo获取到的用户数量是1
2020-06-24 15:08:21.099  INFO 23128 --- [http-nio-8888-exec-9] com.course.controller.UserManager        : cookies验证通过
2020-06-24 15:08:21.245  INFO 23128 --- [http-nio-8888-exec-9] com.course.controller.UserManager        : 更新数据的条目数为:1
2020-06-24 15:08:24.328  INFO 23128 --- [http-nio-8888-exec-10] com.course.controller.UserManager        : cookies验证通过
2020-06-24 15:08:24.330  INFO 23128 --- [http-nio-8888-exec-10] com.course.controller.UserManager        : 更新数据的条目数为:1
2020-06-24 15:08:27.400  INFO 23128 --- [http-nio-8888-exec-1] com.course.controller.UserManager        : cookies验证通过
2020-06-24 15:08:27.404  INFO 23128 --- [http-nio-8888-exec-1] com.course.controller.UserManager        : getUserInfo获取到的用户数量是5
2020-06-24 15:10:55.689  INFO 23128 --- [http-nio-8888-exec-3] com.course.controller.UserManager        : 查看到的结果是1
2020-06-24 15:10:55.758  INFO 23128 --- [http-nio-8888-exec-4] com.course.controller.UserManager        : 查看到的结果是0
2020-06-24 15:10:55.804  INFO 23128 --- [http-nio-8888-exec-5] com.course.controller.UserManager        : cookies验证通过
2020-06-24 15:10:55.895  INFO 23128 --- [http-nio-8888-exec-5] com.course.controller.UserManager        : 添加用户的数量是:1
2020-06-24 15:10:57.970  INFO 23128 --- [http-nio-8888-exec-6] com.course.controller.UserManager        : cookies验证通过
2020-06-24 15:10:57.998  INFO 23128 --- [http-nio-8888-exec-6] com.course.controller.UserManager        : getUserInfo获取到的用户数量是1
2020-06-24 15:11:00.098  INFO 23128 --- [http-nio-8888-exec-7] com.course.controller.UserManager        : cookies验证通过
2020-06-24 15:11:00.189  INFO 23128 --- [http-nio-8888-exec-7] com.course.controller.UserManager        : 更新数据的条目数为:1
2020-06-24 15:11:03.260  INFO 23128 --- [http-nio-8888-exec-8] com.course.controller.UserManager        : cookies验证通过
2020-06-24 15:11:03.549  INFO 23128 --- [http-nio-8888-exec-8] com.course.controller.UserManager        : 更新数据的条目数为:1
2020-06-24 15:11:06.595  INFO 23128 --- [http-nio-8888-exec-9] com.course.controller.UserManager        : cookies验证通过
2020-06-24 15:11:06.598  INFO 23128 --- [http-nio-8888-exec-9] com.course.controller.UserManager        : getUserInfo获取到的用户数量是5
2020-06-24 15:19:19.889  INFO 23128 --- [http-nio-8888-exec-1] com.course.controller.UserManager        : 查看到的结果是1
2020-06-24 15:19:20.018  INFO 23128 --- [http-nio-8888-exec-2] com.course.controller.UserManager        : 查看到的结果是0
2020-06-24 15:19:20.100  INFO 23128 --- [http-nio-8888-exec-3] com.course.controller.UserManager        : cookies验证通过
2020-06-24 15:19:20.244  INFO 23128 --- [http-nio-8888-exec-3] com.course.controller.UserManager        : 添加用户的数量是:1
2020-06-24 15:19:22.294  INFO 23128 --- [http-nio-8888-exec-4] com.course.controller.UserManager        : cookies验证通过
2020-06-24 15:19:22.295  INFO 23128 --- [http-nio-8888-exec-4] com.course.controller.UserManager        : getUserInfo获取到的用户数量是1
2020-06-24 15:19:24.360  INFO 23128 --- [http-nio-8888-exec-5] com.course.controller.UserManager        : cookies验证通过
2020-06-24 15:19:24.362  INFO 23128 --- [http-nio-8888-exec-5] com.course.controller.UserManager        : 更新数据的条目数为:1
2020-06-24 15:19:27.449  INFO 23128 --- [http-nio-8888-exec-6] com.course.controller.UserManager        : cookies验证通过
2020-06-24 15:19:27.451  INFO 23128 --- [http-nio-8888-exec-6] com.course.controller.UserManager        : 更新数据的条目数为:1
2020-06-24 15:19:30.535  INFO 23128 --- [http-nio-8888-exec-7] com.course.controller.UserManager        : cookies验证通过
2020-06-24 15:19:30.585  INFO 23128 --- [http-nio-8888-exec-7] com.course.controller.UserManager        : getUserInfo获取到的用户数量是5
2020-06-24 15:29:59.727  INFO 23128 --- [http-nio-8888-exec-9] com.course.controller.UserManager        : 查看到的结果是1
2020-06-24 15:29:59.795  INFO 23128 --- [http-nio-8888-exec-10] com.course.controller.UserManager        : 查看到的结果是0
2020-06-24 15:29:59.847  INFO 23128 --- [http-nio-8888-exec-1] com.course.controller.UserManager        : cookies验证通过
2020-06-24 15:30:00.047  INFO 23128 --- [http-nio-8888-exec-1] com.course.controller.UserManager        : 添加用户的数量是:1
2020-06-24 15:30:02.135  INFO 23128 --- [http-nio-8888-exec-2] com.course.controller.UserManager        : cookies验证通过
2020-06-24 15:30:02.138  INFO 23128 --- [http-nio-8888-exec-2] com.course.controller.UserManager        : getUserInfo获取到的用户数量是1
2020-06-24 15:30:04.225  INFO 23128 --- [http-nio-8888-exec-3] com.course.controller.UserManager        : cookies验证通过
2020-06-24 15:30:04.229  INFO 23128 --- [http-nio-8888-exec-3] com.course.controller.UserManager        : 更新数据的条目数为:1
2020-06-24 15:30:07.327  INFO 23128 --- [http-nio-8888-exec-4] com.course.controller.UserManager        : cookies验证通过
2020-06-24 15:30:07.329  INFO 23128 --- [http-nio-8888-exec-4] com.course.controller.UserManager        : 更新数据的条目数为:1
2020-06-24 15:30:10.380  INFO 23128 --- [http-nio-8888-exec-5] com.course.controller.UserManager        : cookies验证通过
2020-06-24 15:30:10.384  INFO 23128 --- [http-nio-8888-exec-5] com.course.controller.UserManager        : getUserInfo获取到的用户数量是5
2020-06-24 15:30:25.699  INFO 23128 --- [http-nio-8888-exec-7] com.course.controller.UserManager        : 查看到的结果是1
2020-06-24 15:30:25.760  INFO 23128 --- [http-nio-8888-exec-8] com.course.controller.UserManager        : 查看到的结果是0
2020-06-24 15:30:25.829  INFO 23128 --- [http-nio-8888-exec-9] com.course.controller.UserManager        : cookies验证通过
2020-06-24 15:30:25.918  INFO 23128 --- [http-nio-8888-exec-9] com.course.controller.UserManager        : 添加用户的数量是:1
2020-06-24 15:30:27.994  INFO 23128 --- [http-nio-8888-exec-10] com.course.controller.UserManager        : cookies验证通过
2020-06-24 15:30:27.997  INFO 23128 --- [http-nio-8888-exec-10] com.course.controller.UserManager        : getUserInfo获取到的用户数量是1
2020-06-24 15:30:30.046  INFO 23128 --- [http-nio-8888-exec-1] com.course.controller.UserManager        : cookies验证通过
2020-06-24 15:30:30.048  INFO 23128 --- [http-nio-8888-exec-1] com.course.controller.UserManager        : 更新数据的条目数为:1
2020-06-24 15:30:33.131  INFO 23128 --- [http-nio-8888-exec-2] com.course.controller.UserManager        : cookies验证通过
2020-06-24 15:30:33.133  INFO 23128 --- [http-nio-8888-exec-2] com.course.controller.UserManager        : 更新数据的条目数为:1
2020-06-24 15:30:36.206  INFO 23128 --- [http-nio-8888-exec-3] com.course.controller.UserManager        : cookies验证通过
2020-06-24 15:30:36.210  INFO 23128 --- [http-nio-8888-exec-3] com.course.controller.UserManager        : getUserInfo获取到的用户数量是5
2020-06-24 15:34:40.759  INFO 23128 --- [http-nio-8888-exec-5] com.course.controller.UserManager        : 查看到的结果是1
2020-06-24 15:34:40.829  INFO 23128 --- [http-nio-8888-exec-6] com.course.controller.UserManager        : 查看到的结果是0
2020-06-24 15:34:40.876  INFO 23128 --- [http-nio-8888-exec-7] com.course.controller.UserManager        : cookies验证通过
2020-06-24 15:34:41.015  INFO 23128 --- [http-nio-8888-exec-7] com.course.controller.UserManager        : 添加用户的数量是:1
2020-06-24 15:34:43.087  INFO 23128 --- [http-nio-8888-exec-8] com.course.controller.UserManager        : cookies验证通过
2020-06-24 15:34:43.089  INFO 23128 --- [http-nio-8888-exec-8] com.course.controller.UserManager        : getUserInfo获取到的用户数量是1
2020-06-24 15:34:45.156  INFO 23128 --- [http-nio-8888-exec-9] com.course.controller.UserManager        : cookies验证通过
2020-06-24 15:34:45.159  INFO 23128 --- [http-nio-8888-exec-9] com.course.controller.UserManager        : 更新数据的条目数为:1
2020-06-24 15:34:48.260  INFO 23128 --- [http-nio-8888-exec-10] com.course.controller.UserManager        : cookies验证通过
2020-06-24 15:34:48.262  INFO 23128 --- [http-nio-8888-exec-10] com.course.controller.UserManager        : 更新数据的条目数为:1
2020-06-24 15:34:51.336  INFO 23128 --- [http-nio-8888-exec-1] com.course.controller.UserManager        : cookies验证通过
2020-06-24 15:34:51.338  INFO 23128 --- [http-nio-8888-exec-1] com.course.controller.UserManager        : getUserInfo获取到的用户数量是5
2020-06-24 15:35:58.505  INFO 23128 --- [http-nio-8888-exec-3] com.course.controller.UserManager        : 查看到的结果是1
2020-06-24 15:35:58.580  INFO 23128 --- [http-nio-8888-exec-4] com.course.controller.UserManager        : 查看到的结果是0
2020-06-24 15:35:58.640  INFO 23128 --- [http-nio-8888-exec-5] com.course.controller.UserManager        : cookies验证通过
2020-06-24 15:35:58.813  INFO 23128 --- [http-nio-8888-exec-5] com.course.controller.UserManager        : 添加用户的数量是:1
2020-06-24 15:36:00.943  INFO 23128 --- [http-nio-8888-exec-6] com.course.controller.UserManager        : cookies验证通过
2020-06-24 15:36:00.944  INFO 23128 --- [http-nio-8888-exec-6] com.course.controller.UserManager        : getUserInfo获取到的用户数量是1
2020-06-24 15:36:03.151  INFO 23128 --- [http-nio-8888-exec-7] com.course.controller.UserManager        : cookies验证通过
2020-06-24 15:36:03.288  INFO 23128 --- [http-nio-8888-exec-7] com.course.controller.UserManager        : 更新数据的条目数为:1
2020-06-24 15:36:06.339  INFO 23128 --- [http-nio-8888-exec-8] com.course.controller.UserManager        : cookies验证通过
2020-06-24 15:36:06.482  INFO 23128 --- [http-nio-8888-exec-8] com.course.controller.UserManager        : 更新数据的条目数为:1
2020-06-24 15:36:09.582  INFO 23128 --- [http-nio-8888-exec-9] com.course.controller.UserManager        : cookies验证通过
2020-06-24 15:36:09.585  INFO 23128 --- [http-nio-8888-exec-9] com.course.controller.UserManager        : getUserInfo获取到的用户数量是5
2020-06-24 16:02:01.447  INFO 21124 --- [main] com.course.Application                   : Starting Application on DESKTOP-3RA77M5 with PID 21124 (G:\github\muke\AutoTest\Chapter14\target\classes started by DELL in G:\github\muke\AutoTest)
2020-06-24 16:02:01.472  INFO 21124 --- [main] com.course.Application                   : No active profile set, falling back to default profiles: default
2020-06-24 16:02:01.648  INFO 21124 --- [main] ationConfigEmbeddedWebApplicationContext : Refreshing org.springframework.boot.context.embedded.AnnotationConfigEmbeddedWebApplicationContext@f3afd9: startup date [Wed Jun 24 16:02:01 CST 2020]; root of context hierarchy
2020-06-24 16:02:04.784  WARN 21124 --- [main] o.m.s.mapper.ClassPathMapperScanner      : No MyBatis mapper was found in '[com.course]' package. Please check your configuration.
2020-06-24 16:02:04.789  WARN 21124 --- [main] o.s.c.a.ConfigurationClassPostProcessor  : Cannot enhance @Configuration bean definition 'propertySourcesPlaceholderConfigurer' since its singleton instance has been created too early. The typical cause is a non-static @Bean method with a BeanDefinitionRegistryPostProcessor return type: Consider declaring such methods as 'static'.
2020-06-24 16:02:05.103  INFO 21124 --- [main] f.a.AutowiredAnnotationBeanPostProcessor : JSR-330 'javax.inject.Inject' annotation found and supported for autowiring
2020-06-24 16:02:05.455  INFO 21124 --- [main] trationDelegate$BeanPostProcessorChecker : Bean 'org.springframework.transaction.annotation.ProxyTransactionManagementConfiguration' of type [org.springframework.transaction.annotation.ProxyTransactionManagementConfiguration$$EnhancerBySpringCGLIB$$44eeaee6] is not eligible for getting processed by all BeanPostProcessors (for example: not eligible for auto-proxying)
2020-06-24 16:02:06.035  INFO 21124 --- [main] s.b.c.e.t.TomcatEmbeddedServletContainer : Tomcat initialized with port(s): 8888 (http)
2020-06-24 16:02:06.130  INFO 21124 --- [main] o.apache.catalina.core.StandardService   : Starting service Tomcat
2020-06-24 16:02:06.132  INFO 21124 --- [main] org.apache.catalina.core.StandardEngine  : Starting Servlet Engine: Apache Tomcat/8.5.14
2020-06-24 16:02:06.326  INFO 21124 --- [localhost-startStop-1] o.a.c.c.C.[Tomcat].[localhost].[/]       : Initializing Spring embedded WebApplicationContext
2020-06-24 16:02:06.326  INFO 21124 --- [localhost-startStop-1] o.s.web.context.ContextLoader            : Root WebApplicationContext: initialization completed in 4678 ms
2020-06-24 16:02:06.577  INFO 21124 --- [localhost-startStop-1] o.s.b.w.servlet.ServletRegistrationBean  : Mapping servlet: 'dispatcherServlet' to [/]
2020-06-24 16:02:06.581  INFO 21124 --- [localhost-startStop-1] o.s.b.w.servlet.FilterRegistrationBean   : Mapping filter: 'characterEncodingFilter' to: [/*]
2020-06-24 16:02:06.582  INFO 21124 --- [localhost-startStop-1] o.s.b.w.servlet.FilterRegistrationBean   : Mapping filter: 'hiddenHttpMethodFilter' to: [/*]
2020-06-24 16:02:06.582  INFO 21124 --- [localhost-startStop-1] o.s.b.w.servlet.FilterRegistrationBean   : Mapping filter: 'httpPutFormContentFilter' to: [/*]
2020-06-24 16:02:06.582  INFO 21124 --- [localhost-startStop-1] o.s.b.w.servlet.FilterRegistrationBean   : Mapping filter: 'requestContextFilter' to: [/*]
2020-06-24 16:02:08.269  INFO 21124 --- [main] s.w.s.m.m.a.RequestMappingHandlerMapping : Mapped "{[/v1/getUserInfo],methods=[POST]}" onto public java.util.List<com.course.model.User> com.course.controller.UserManager.getUserInfo(javax.servlet.http.HttpServletRequest,com.course.model.User)
2020-06-24 16:02:08.271  INFO 21124 --- [main] s.w.s.m.m.a.RequestMappingHandlerMapping : Mapped "{[/v1/addUser],methods=[POST]}" onto public boolean com.course.controller.UserManager.addUser(javax.servlet.http.HttpServletRequest,com.course.model.User)
2020-06-24 16:02:08.271  INFO 21124 --- [main] s.w.s.m.m.a.RequestMappingHandlerMapping : Mapped "{[/v1/login],methods=[POST]}" onto public java.lang.Boolean com.course.controller.UserManager.login(javax.servlet.http.HttpServletResponse,com.course.model.User)
2020-06-24 16:02:08.271  INFO 21124 --- [main] s.w.s.m.m.a.RequestMappingHandlerMapping : Mapped "{[/v1/updateUserInfo],methods=[POST]}" onto public int com.course.controller.UserManager.updateUser(javax.servlet.http.HttpServletRequest,com.course.model.User)
2020-06-24 16:02:08.272  INFO 21124 --- [main] s.w.s.m.m.a.RequestMappingHandlerMapping : Mapped "{[/v2/api-docs],methods=[GET],produces=[application/json || application/hal+json]}" onto public org.springframework.http.ResponseEntity<springfox.documentation.spring.web.json.Json> springfox.documentation.swagger2.web.Swagger2Controller.getDocumentation(java.lang.String,javax.servlet.http.HttpServletRequest)
2020-06-24 16:02:08.276  INFO 21124 --- [main] s.w.s.m.m.a.RequestMappingHandlerMapping : Mapped "{[/swagger-resources/configuration/security]}" onto org.springframework.http.ResponseEntity<springfox.documentation.swagger.web.SecurityConfiguration> springfox.documentation.swagger.web.ApiResourceController.securityConfiguration()
2020-06-24 16:02:08.277  INFO 21124 --- [main] s.w.s.m.m.a.RequestMappingHandlerMapping : Mapped "{[/swagger-resources/configuration/ui]}" onto org.springframework.http.ResponseEntity<springfox.documentation.swagger.web.UiConfiguration> springfox.documentation.swagger.web.ApiResourceController.uiConfiguration()
2020-06-24 16:02:08.278  INFO 21124 --- [main] s.w.s.m.m.a.RequestMappingHandlerMapping : Mapped "{[/swagger-resources]}" onto org.springframework.http.ResponseEntity<java.util.List<springfox.documentation.swagger.web.SwaggerResource>> springfox.documentation.swagger.web.ApiResourceController.swaggerResources()
2020-06-24 16:02:08.281  INFO 21124 --- [main] s.w.s.m.m.a.RequestMappingHandlerMapping : Mapped "{[/error]}" onto public org.springframework.http.ResponseEntity<java.util.Map<java.lang.String, java.lang.Object>> org.springframework.boot.autoconfigure.web.BasicErrorController.error(javax.servlet.http.HttpServletRequest)
2020-06-24 16:02:08.281  INFO 21124 --- [main] s.w.s.m.m.a.RequestMappingHandlerMapping : Mapped "{[/error],produces=[text/html]}" onto public org.springframework.web.servlet.ModelAndView org.springframework.boot.autoconfigure.web.BasicErrorController.errorHtml(javax.servlet.http.HttpServletRequest,javax.servlet.http.HttpServletResponse)
2020-06-24 16:02:08.801  INFO 21124 --- [main] s.w.s.m.m.a.RequestMappingHandlerAdapter : Looking for @ControllerAdvice: org.springframework.boot.context.embedded.AnnotationConfigEmbeddedWebApplicationContext@f3afd9: startup date [Wed Jun 24 16:02:01 CST 2020]; root of context hierarchy
2020-06-24 16:02:08.886  INFO 21124 --- [main] o.s.w.s.handler.SimpleUrlHandlerMapping  : Mapped URL path [/webjars/**] onto handler of type [class org.springframework.web.servlet.resource.ResourceHttpRequestHandler]
2020-06-24 16:02:08.887  INFO 21124 --- [main] o.s.w.s.handler.SimpleUrlHandlerMapping  : Mapped URL path [/**] onto handler of type [class org.springframework.web.servlet.resource.ResourceHttpRequestHandler]
2020-06-24 16:02:08.939  INFO 21124 --- [main] o.s.w.s.handler.SimpleUrlHandlerMapping  : Mapped URL path [/**/favicon.ico] onto handler of type [class org.springframework.web.servlet.resource.ResourceHttpRequestHandler]
2020-06-24 16:02:09.294  INFO 21124 --- [main] o.s.j.e.a.AnnotationMBeanExporter        : Registering beans for JMX exposure on startup
2020-06-24 16:02:09.322  INFO 21124 --- [main] o.s.c.support.DefaultLifecycleProcessor  : Starting beans in phase 2147483647
2020-06-24 16:02:09.323  INFO 21124 --- [main] d.s.w.p.DocumentationPluginsBootstrapper : Context refreshed
2020-06-24 16:02:09.367  INFO 21124 --- [main] d.s.w.p.DocumentationPluginsBootstrapper : Found 1 custom documentation plugin(s)
2020-06-24 16:02:09.409  INFO 21124 --- [main] s.d.s.w.s.ApiListingReferenceScanner     : Scanning for api listing references
2020-06-24 16:02:09.946  INFO 21124 --- [main] s.b.c.e.t.TomcatEmbeddedServletContainer : Tomcat started on port(s): 8888 (http)
2020-06-24 16:02:09.966  INFO 21124 --- [main] com.course.Application                   : Started Application in 9.483 seconds (JVM running for 12.317)
2020-06-24 16:02:21.158  INFO 21124 --- [http-nio-8888-exec-1] o.a.c.c.C.[Tomcat].[localhost].[/]       : Initializing Spring FrameworkServlet 'dispatcherServlet'
2020-06-24 16:02:21.158  INFO 21124 --- [http-nio-8888-exec-1] o.s.web.servlet.DispatcherServlet        : FrameworkServlet 'dispatcherServlet': initialization started
2020-06-24 16:02:21.181  INFO 21124 --- [http-nio-8888-exec-1] o.s.web.servlet.DispatcherServlet        : FrameworkServlet 'dispatcherServlet': initialization completed in 23 ms
2020-06-24 16:02:21.687  INFO 21124 --- [http-nio-8888-exec-1] com.course.controller.UserManager        : 查看到的结果是1
2020-06-24 16:02:21.810  INFO 21124 --- [http-nio-8888-exec-2] com.course.controller.UserManager        : 查看到的结果是0
2020-06-24 16:02:21.867  INFO 21124 --- [http-nio-8888-exec-3] com.course.controller.UserManager        : cookies验证通过
2020-06-24 16:02:22.005  INFO 21124 --- [http-nio-8888-exec-3] com.course.controller.UserManager        : 添加用户的数量是:1
2020-06-24 16:02:24.089  INFO 21124 --- [http-nio-8888-exec-4] com.course.controller.UserManager        : cookies验证通过
2020-06-24 16:02:24.148  INFO 21124 --- [http-nio-8888-exec-4] com.course.controller.UserManager        : getUserInfo获取到的用户数量是1
2020-06-24 16:02:26.218  INFO 21124 --- [http-nio-8888-exec-5] com.course.controller.UserManager        : cookies验证通过
2020-06-24 16:02:26.221  INFO 21124 --- [http-nio-8888-exec-5] com.course.controller.UserManager        : 更新数据的条目数为:1
2020-06-24 16:02:29.313  INFO 21124 --- [http-nio-8888-exec-6] com.course.controller.UserManager        : cookies验证通过
2020-06-24 16:02:29.316  INFO 21124 --- [http-nio-8888-exec-6] com.course.controller.UserManager        : 更新数据的条目数为:1
2020-06-24 16:02:32.392  INFO 21124 --- [http-nio-8888-exec-7] com.course.controller.UserManager        : cookies验证通过
2020-06-24 16:02:32.394  INFO 21124 --- [http-nio-8888-exec-7] com.course.controller.UserManager        : getUserInfo获取到的用户数量是5
2020-06-24 16:04:47.853  INFO 21124 --- [http-nio-8888-exec-9] com.course.controller.UserManager        : 查看到的结果是1
2020-06-24 16:04:47.915  INFO 21124 --- [http-nio-8888-exec-10] com.course.controller.UserManager        : 查看到的结果是0
2020-06-24 16:04:47.962  INFO 21124 --- [http-nio-8888-exec-1] com.course.controller.UserManager        : cookies验证通过
2020-06-24 16:04:48.256  INFO 21124 --- [http-nio-8888-exec-1] com.course.controller.UserManager        : 添加用户的数量是:1
2020-06-24 16:04:50.337  INFO 21124 --- [http-nio-8888-exec-2] com.course.controller.UserManager        : cookies验证通过
2020-06-24 16:04:50.340  INFO 21124 --- [http-nio-8888-exec-2] com.course.controller.UserManager        : getUserInfo获取到的用户数量是1
2020-06-24 16:04:52.413  INFO 21124 --- [http-nio-8888-exec-3] com.course.controller.UserManager        : cookies验证通过
2020-06-24 16:04:52.613  INFO 21124 --- [http-nio-8888-exec-3] com.course.controller.UserManager        : 更新数据的条目数为:1
2020-06-24 16:04:55.711  INFO 21124 --- [http-nio-8888-exec-4] com.course.controller.UserManager        : cookies验证通过
2020-06-24 16:04:55.852  INFO 21124 --- [http-nio-8888-exec-4] com.course.controller.UserManager        : 更新数据的条目数为:1
2020-06-24 16:04:58.948  INFO 21124 --- [http-nio-8888-exec-5] com.course.controller.UserManager        : cookies验证通过
2020-06-24 16:04:58.951  INFO 21124 --- [http-nio-8888-exec-5] com.course.controller.UserManager        : getUserInfo获取到的用户数量是5
2020-06-24 16:08:39.938  INFO 21124 --- [http-nio-8888-exec-7] com.course.controller.UserManager        : 查看到的结果是1
2020-06-24 16:08:40.006  INFO 21124 --- [http-nio-8888-exec-8] com.course.controller.UserManager        : 查看到的结果是0
2020-06-24 16:08:40.057  INFO 21124 --- [http-nio-8888-exec-9] com.course.controller.UserManager        : cookies验证通过
2020-06-24 16:08:40.245  INFO 21124 --- [http-nio-8888-exec-9] com.course.controller.UserManager        : 添加用户的数量是:1
2020-06-24 16:08:42.316  INFO 21124 --- [http-nio-8888-exec-10] com.course.controller.UserManager        : cookies验证通过
2020-06-24 16:08:42.319  INFO 21124 --- [http-nio-8888-exec-10] com.course.controller.UserManager        : getUserInfo获取到的用户数量是1
2020-06-24 16:08:44.442  INFO 21124 --- [http-nio-8888-exec-1] com.course.controller.UserManager        : cookies验证通过
2020-06-24 16:08:44.444  INFO 21124 --- [http-nio-8888-exec-1] com.course.controller.UserManager        : 更新数据的条目数为:1
2020-06-24 16:08:47.525  INFO 21124 --- [http-nio-8888-exec-2] com.course.controller.UserManager        : cookies验证通过
2020-06-24 16:08:47.528  INFO 21124 --- [http-nio-8888-exec-2] com.course.controller.UserManager        : 更新数据的条目数为:1
2020-06-24 16:08:50.589  INFO 21124 --- [http-nio-8888-exec-3] com.course.controller.UserManager        : cookies验证通过
2020-06-24 16:08:50.592  INFO 21124 --- [http-nio-8888-exec-3] com.course.controller.UserManager        : getUserInfo获取到的用户数量是5
2020-06-24 16:10:49.346  INFO 21124 --- [http-nio-8888-exec-5] com.course.controller.UserManager        : 查看到的结果是1
2020-06-24 16:10:49.440  INFO 21124 --- [http-nio-8888-exec-6] com.course.controller.UserManager        : 查看到的结果是0
2020-06-24 16:10:49.508  INFO 21124 --- [http-nio-8888-exec-7] com.course.controller.UserManager        : cookies验证通过
2020-06-24 16:10:49.907  INFO 21124 --- [http-nio-8888-exec-7] com.course.controller.UserManager        : 添加用户的数量是:1
2020-06-24 16:10:51.985  INFO 21124 --- [http-nio-8888-exec-8] com.course.controller.UserManager        : cookies验证通过
2020-06-24 16:10:51.988  INFO 21124 --- [http-nio-8888-exec-8] com.course.controller.UserManager        : getUserInfo获取到的用户数量是1
2020-06-24 16:10:54.073  INFO 21124 --- [http-nio-8888-exec-9] com.course.controller.UserManager        : cookies验证通过
2020-06-24 16:10:54.075  INFO 21124 --- [http-nio-8888-exec-9] com.course.controller.UserManager        : 更新数据的条目数为:1
2020-06-24 16:10:57.197  INFO 21124 --- [http-nio-8888-exec-10] com.course.controller.UserManager        : cookies验证通过
2020-06-24 16:10:57.199  INFO 21124 --- [http-nio-8888-exec-10] com.course.controller.UserManager        : 更新数据的条目数为:1
2020-06-24 16:11:52.675  INFO 21124 --- [http-nio-8888-exec-1] com.course.controller.UserManager        : cookies验证通过
2020-06-24 16:11:52.679  INFO 21124 --- [http-nio-8888-exec-1] com.course.controller.UserManager        : getUserInfo获取到的用户数量是5
2020-06-24 16:12:27.236  INFO 21124 --- [http-nio-8888-exec-3] com.course.controller.UserManager        : 查看到的结果是1
2020-06-24 16:12:27.380  INFO 21124 --- [http-nio-8888-exec-4] com.course.controller.UserManager        : 查看到的结果是0
2020-06-24 16:12:27.438  INFO 21124 --- [http-nio-8888-exec-5] com.course.controller.UserManager        : cookies验证通过
2020-06-24 16:12:27.567  INFO 21124 --- [http-nio-8888-exec-5] com.course.controller.UserManager        : 添加用户的数量是:1
2020-06-24 16:12:29.647  INFO 21124 --- [http-nio-8888-exec-6] com.course.controller.UserManager        : cookies验证通过
2020-06-24 16:12:29.650  INFO 21124 --- [http-nio-8888-exec-6] com.course.controller.UserManager        : getUserInfo获取到的用户数量是1
2020-06-24 16:17:15.425  INFO 21124 --- [http-nio-8888-exec-8] com.course.controller.UserManager        : cookies验证通过
2020-06-24 16:17:15.427  INFO 21124 --- [http-nio-8888-exec-8] com.course.controller.UserManager        : 更新数据的条目数为:1
2020-06-24 16:17:18.509  INFO 21124 --- [http-nio-8888-exec-9] com.course.controller.UserManager        : cookies验证通过
2020-06-24 16:17:18.511  INFO 21124 --- [http-nio-8888-exec-9] com.course.controller.UserManager        : 更新数据的条目数为:1
2020-06-24 16:17:26.077  INFO 21124 --- [http-nio-8888-exec-10] com.course.controller.UserManager        : cookies验证通过
2020-06-24 16:17:26.081  INFO 21124 --- [http-nio-8888-exec-10] com.course.controller.UserManager        : getUserInfo获取到的用户数量是5
2020-06-24 16:18:45.138  INFO 21124 --- [http-nio-8888-exec-2] com.course.controller.UserManager        : 查看到的结果是1
2020-06-24 16:18:45.219  INFO 21124 --- [http-nio-8888-exec-3] com.course.controller.UserManager        : 查看到的结果是0
2020-06-24 16:18:45.264  INFO 21124 --- [http-nio-8888-exec-4] com.course.controller.UserManager        : cookies验证通过
2020-06-24 16:18:45.458  INFO 21124 --- [http-nio-8888-exec-4] com.course.controller.UserManager        : 添加用户的数量是:1
2020-06-24 16:18:47.507  INFO 21124 --- [http-nio-8888-exec-5] com.course.controller.UserManager        : cookies验证通过
2020-06-24 16:18:47.511  INFO 21124 --- [http-nio-8888-exec-5] com.course.controller.UserManager        : getUserInfo获取到的用户数量是1
2020-06-24 16:18:49.579  INFO 21124 --- [http-nio-8888-exec-6] com.course.controller.UserManager        : cookies验证通过
2020-06-24 16:18:49.581  INFO 21124 --- [http-nio-8888-exec-6] com.course.controller.UserManager        : 更新数据的条目数为:1
2020-06-24 16:18:52.638  INFO 21124 --- [http-nio-8888-exec-7] com.course.controller.UserManager        : cookies验证通过
2020-06-24 16:18:52.641  INFO 21124 --- [http-nio-8888-exec-7] com.course.controller.UserManager        : 更新数据的条目数为:1
2020-06-24 16:18:55.727  INFO 21124 --- [http-nio-8888-exec-8] com.course.controller.UserManager        : cookies验证通过
2020-06-24 16:18:55.730  INFO 21124 --- [http-nio-8888-exec-8] com.course.controller.UserManager        : getUserInfo获取到的用户数量是5
2020-06-24 16:20:30.445  INFO 21124 --- [http-nio-8888-exec-10] com.course.controller.UserManager        : 查看到的结果是1
2020-06-24 16:20:30.523  INFO 21124 --- [http-nio-8888-exec-1] com.course.controller.UserManager        : 查看到的结果是0
2020-06-24 16:20:30.574  INFO 21124 --- [http-nio-8888-exec-2] com.course.controller.UserManager        : cookies验证通过
2020-06-24 16:20:30.826  INFO 21124 --- [http-nio-8888-exec-2] com.course.controller.UserManager        : 添加用户的数量是:1
2020-06-24 16:20:32.893  INFO 21124 --- [http-nio-8888-exec-3] com.course.controller.UserManager        : cookies验证通过
2020-06-24 16:20:32.895  INFO 21124 --- [http-nio-8888-exec-3] com.course.controller.UserManager        : getUserInfo获取到的用户数量是1
2020-06-24 16:20:34.961  INFO 21124 --- [http-nio-8888-exec-4] com.course.controller.UserManager        : cookies验证通过
2020-06-24 16:20:34.963  INFO 21124 --- [http-nio-8888-exec-4] com.course.controller.UserManager        : 更新数据的条目数为:1
2020-06-24 16:20:38.043  INFO 21124 --- [http-nio-8888-exec-5] com.course.controller.UserManager        : cookies验证通过
2020-06-24 16:20:38.045  INFO 21124 --- [http-nio-8888-exec-5] com.course.controller.UserManager        : 更新数据的条目数为:1
2020-06-24 16:20:41.133  INFO 21124 --- [http-nio-8888-exec-6] com.course.controller.UserManager        : cookies验证通过
2020-06-24 16:20:41.137  INFO 21124 --- [http-nio-8888-exec-6] com.course.controller.UserManager        : getUserInfo获取到的用户数量是5
2020-06-24 16:22:58.979  INFO 21124 --- [http-nio-8888-exec-8] com.course.controller.UserManager        : 查看到的结果是1
2020-06-24 16:22:59.050  INFO 21124 --- [http-nio-8888-exec-9] com.course.controller.UserManager        : 查看到的结果是0
2020-06-24 16:22:59.102  INFO 21124 --- [http-nio-8888-exec-10] com.course.controller.UserManager        : cookies验证通过
2020-06-24 16:22:59.244  INFO 21124 --- [http-nio-8888-exec-10] com.course.controller.UserManager        : 添加用户的数量是:1
2020-06-24 16:23:01.306  INFO 21124 --- [http-nio-8888-exec-1] com.course.controller.UserManager        : cookies验证通过
2020-06-24 16:23:01.307  INFO 21124 --- [http-nio-8888-exec-1] com.course.controller.UserManager        : getUserInfo获取到的用户数量是1
2020-06-24 16:23:03.434  INFO 21124 --- [http-nio-8888-exec-2] com.course.controller.UserManager        : cookies验证通过
2020-06-24 16:23:03.438  INFO 21124 --- [http-nio-8888-exec-2] com.course.controller.UserManager        : 更新数据的条目数为:1
2020-06-24 16:23:06.547  INFO 21124 --- [http-nio-8888-exec-3] com.course.controller.UserManager        : cookies验证通过
2020-06-24 16:23:06.551  INFO 21124 --- [http-nio-8888-exec-3] com.course.controller.UserManager        : 更新数据的条目数为:1
2020-06-24 16:23:09.610  INFO 21124 --- [http-nio-8888-exec-4] com.course.controller.UserManager        : cookies验证通过
2020-06-24 16:23:09.614  INFO 21124 --- [http-nio-8888-exec-4] com.course.controller.UserManager        : getUserInfo获取到的用户数量是5
